<?xml version="1.0" encoding="UTF-8"?>
<!-- Generated by org.testng.reporters.JUnitReportReporter -->
<testsuite hostname="LAPTOP-9TCK99PM" failures="0" tests="5" name="com.salesforcenew.testCases.LeadsTests" time="12.385" errors="0" timestamp="2022-02-09T04:20:35 EST" skipped="4">
  <testcase classname="com.salesforcenew.testCases.LeadsTests" name="newButton24" time="12.385"/>
  <system-out/>
  <testcase classname="com.salesforcenew.testCases.LeadsTests" name="leadsTab20">
    <skipped/>
  </testcase> <!-- leadsTab20 -->
  <system-out/>
  <testcase classname="com.salesforcenew.testCases.LeadsTests" name="defaultView22">
    <skipped/>
  </testcase> <!-- defaultView22 -->
  <system-out/>
  <testcase classname="com.salesforcenew.testCases.LeadsTests" name="todaysLeads23">
    <skipped/>
  </testcase> <!-- todaysLeads23 -->
  <system-out/>
  <testcase classname="com.salesforcenew.testCases.LeadsTests" name="leadsSelectView21">
    <skipped/>
  </testcase> <!-- leadsSelectView21 -->
  <system-out/>
</testsuite> <!-- com.salesforcenew.testCases.LeadsTests -->
