<?xml version="1.0" encoding="UTF-8"?>
<!-- Generated by org.testng.reporters.JUnitReportReporter -->
<testsuite hostname="DellLaptop" failures="0" tests="8" name="com.salesforcenew.testCases.NewContactTests" time="95.688" errors="0" timestamp="2022-02-13T14:07:08 EST" skipped="0">
  <testcase classname="com.salesforcenew.testCases.NewContactTests" name="createNewContact25" time="8.671"/>
  <system-out/>
  <testcase classname="com.salesforcenew.testCases.NewContactTests" name="createNewView26" time="16.589"/>
  <system-out/>
  <testcase classname="com.salesforcenew.testCases.NewContactTests" name="checkRecentlyCreatedContact27" time="11.056"/>
  <system-out/>
  <testcase classname="com.salesforcenew.testCases.NewContactTests" name="checkErrorMessege30" time="12.873"/>
  <system-out/>
  <testcase classname="com.salesforcenew.testCases.NewContactTests" name="checkCancelButton31" time="15.021"/>
  <system-out/>
  <testcase classname="com.salesforcenew.testCases.NewContactTests" name="contactPage29" time="11.961"/>
  <system-out/>
  <testcase classname="com.salesforcenew.testCases.NewContactTests" name="checkSaveNewButton32" time="10.288"/>
  <system-out/>
  <testcase classname="com.salesforcenew.testCases.NewContactTests" name="myContacts28" time="9.229"/>
  <system-out/>
</testsuite> <!-- com.salesforcenew.testCases.NewContactTests -->
