<?xml version="1.0" encoding="UTF-8"?>
<!-- Generated by org.testng.reporters.JUnitReportReporter -->
<testsuite hostname="LAPTOP-9TCK99PM" failures="0" tests="5" name="com.salesforcenew.testCases.LoginTest" time="3.975" errors="0" timestamp="2022-02-08T23:53:38 EST" skipped="4">
  <testcase classname="com.salesforcenew.testCases.LoginTest" name="loginTest" time="3.975"/>
  <system-out/>
  <testcase classname="com.salesforcenew.testCases.LoginTest" name="loginErrorMessage">
    <skipped/>
  </testcase> <!-- loginErrorMessage -->
  <system-out/>
  <testcase classname="com.salesforcenew.testCases.LoginTest" name="forgotPassword">
    <skipped/>
  </testcase> <!-- forgotPassword -->
  <system-out/>
  <testcase classname="com.salesforcenew.testCases.LoginTest" name="validateloginErrorMessage">
    <skipped/>
  </testcase> <!-- validateloginErrorMessage -->
  <system-out/>
  <testcase classname="com.salesforcenew.testCases.LoginTest" name="rememberMe">
    <skipped/>
  </testcase> <!-- rememberMe -->
  <system-out/>
</testsuite> <!-- com.salesforcenew.testCases.LoginTest -->
