<?xml version="1.0" encoding="UTF-8"?>
<!-- Generated by org.testng.reporters.JUnitReportReporter -->
<testsuite hostname="LAPTOP-9TCK99PM" failures="0" tests="5" name="com.salesforcenew.testCases.HomeTests" time="6.733" errors="0" timestamp="2022-02-08T12:30:12 EST" skipped="4">
  <testcase classname="com.salesforcenew.testCases.HomeTests" name="handleLogOut" time="6.733"/>
  <system-out/>
  <testcase classname="com.salesforcenew.testCases.HomeTests" name="mySettings7">
    <skipped/>
  </testcase> <!-- mySettings7 -->
  <system-out/>
  <testcase classname="com.salesforcenew.testCases.HomeTests" name="userMenuDropDown5">
    <skipped/>
  </testcase> <!-- userMenuDropDown5 -->
  <system-out/>
  <testcase classname="com.salesforcenew.testCases.HomeTests" name="developersConsole8">
    <skipped/>
  </testcase> <!-- developersConsole8 -->
  <system-out/>
  <testcase classname="com.salesforcenew.testCases.HomeTests" name="handleMyProfile6">
    <skipped/>
  </testcase> <!-- handleMyProfile6 -->
  <system-out/>
</testsuite> <!-- com.salesforcenew.testCases.HomeTests -->
