<?xml version="1.0" encoding="UTF-8"?>
<!-- Generated by org.testng.reporters.JUnitReportReporter -->
<testsuite hostname="LAPTOP-9TCK99PM" failures="0" tests="1" name="com.salesforcenew.testCases.TestCases" time="9.128" errors="0" timestamp="2022-02-06T20:21:50 EST" skipped="0">
  <testcase classname="com.salesforcenew.testCases.TestCases" name="loginTest" time="9.128"/>
  <system-out/>
</testsuite> <!-- com.salesforcenew.testCases.TestCases -->
