<?xml version="1.0" encoding="UTF-8"?>
<!-- Generated by org.testng.reporters.JUnitReportReporter -->
<testsuite hostname="LAPTOP-9TCK99PM" failures="0" tests="8" name="com.salesforcenew.testCases.NewContactTests" time="11.316" errors="0" timestamp="2022-02-09T05:16:30 EST" skipped="7">
  <testcase classname="com.salesforcenew.testCases.NewContactTests" name="checkSaveNewButton32" time="11.316"/>
  <system-out/>
  <testcase classname="com.salesforcenew.testCases.NewContactTests" name="checkErrorMessege30">
    <skipped/>
  </testcase> <!-- checkErrorMessege30 -->
  <system-out/>
  <testcase classname="com.salesforcenew.testCases.NewContactTests" name="checkRecentlyCreatedContact27">
    <skipped/>
  </testcase> <!-- checkRecentlyCreatedContact27 -->
  <system-out/>
  <testcase classname="com.salesforcenew.testCases.NewContactTests" name="myContacts28">
    <skipped/>
  </testcase> <!-- myContacts28 -->
  <system-out/>
  <testcase classname="com.salesforcenew.testCases.NewContactTests" name="createNewContact25">
    <skipped/>
  </testcase> <!-- createNewContact25 -->
  <system-out/>
  <testcase classname="com.salesforcenew.testCases.NewContactTests" name="checkCancelButton31">
    <skipped/>
  </testcase> <!-- checkCancelButton31 -->
  <system-out/>
  <testcase classname="com.salesforcenew.testCases.NewContactTests" name="createNewView26">
    <skipped/>
  </testcase> <!-- createNewView26 -->
  <system-out/>
  <testcase classname="com.salesforcenew.testCases.NewContactTests" name="contactPage29">
    <skipped/>
  </testcase> <!-- contactPage29 -->
  <system-out/>
</testsuite> <!-- com.salesforcenew.testCases.NewContactTests -->
