<?xml version="1.0" encoding="UTF-8"?>
<!-- Generated by org.testng.reporters.JUnitReportReporter -->
<testsuite hostname="DellLaptop" failures="0" tests="5" name="com.salesforcenew.testCases.OppertunityTest" time="67.524" errors="0" timestamp="2022-02-13T14:07:08 EST" skipped="0">
  <testcase classname="com.salesforcenew.testCases.OppertunityTest" name="createNewOpty16" time="18.748"/>
  <system-out/>
  <testcase classname="com.salesforcenew.testCases.OppertunityTest" name="testQuarterlySummaryReport19" time="9.794"/>
  <system-out/>
  <testcase classname="com.salesforcenew.testCases.OppertunityTest" name="testOppPipeLine17" time="16.748"/>
  <system-out/>
  <testcase classname="com.salesforcenew.testCases.OppertunityTest" name="testStuckOppReport18" time="14.459"/>
  <system-out/>
  <testcase classname="com.salesforcenew.testCases.OppertunityTest" name="opprtunity15" time="7.775"/>
  <system-out/>
</testsuite> <!-- com.salesforcenew.testCases.OppertunityTest -->
