<?xml version="1.0" encoding="UTF-8"?>
<!-- Generated by org.testng.reporters.JUnitReportReporter -->
<testsuite hostname="DellLaptop" failures="0" tests="5" name="com.salesforcenew.testCases.LeadsTests" time="75.407" errors="0" timestamp="2022-02-13T14:07:08 EST" skipped="0">
  <testcase classname="com.salesforcenew.testCases.LeadsTests" name="leadsSelectView21" time="14.448"/>
  <system-out/>
  <testcase classname="com.salesforcenew.testCases.LeadsTests" name="leadsTab20" time="11.508"/>
  <system-out/>
  <testcase classname="com.salesforcenew.testCases.LeadsTests" name="defaultView22" time="18.042"/>
  <system-out/>
  <testcase classname="com.salesforcenew.testCases.LeadsTests" name="todaysLeads23" time="13.657"/>
  <system-out/>
  <testcase classname="com.salesforcenew.testCases.LeadsTests" name="newButton24" time="17.752"/>
  <system-out/>
</testsuite> <!-- com.salesforcenew.testCases.LeadsTests -->
