<?xml version="1.0" encoding="UTF-8"?>
<!-- Generated by org.testng.reporters.JUnitReportReporter -->
<testsuite hostname="LAPTOP-9TCK99PM" failures="0" tests="4" name="com.salesforcenew.testCases.OppertunityTest" time="10.539" errors="0" timestamp="2022-02-08T22:23:13 EST" skipped="3">
  <testcase classname="com.salesforcenew.testCases.OppertunityTest" name="testQuarterlySummaryReport19" time="10.539"/>
  <system-out/>
  <testcase classname="com.salesforcenew.testCases.OppertunityTest" name="opprtunity15">
    <skipped/>
  </testcase> <!-- opprtunity15 -->
  <system-out/>
  <testcase classname="com.salesforcenew.testCases.OppertunityTest" name="createNewOpty16">
    <skipped/>
  </testcase> <!-- createNewOpty16 -->
  <system-out/>
  <testcase classname="com.salesforcenew.testCases.OppertunityTest" name="testOppPipeLine17">
    <skipped/>
  </testcase> <!-- testOppPipeLine17 -->
  <system-out/>
</testsuite> <!-- com.salesforcenew.testCases.OppertunityTest -->
